<?xml version="1.0" encoding="UTF-8"?>
<!-- Generated by org.testng.reporters.JUnitReportReporter -->
<testsuite hostname="EGCA1-0091" failures="0" tests="1" name="test1.SearchGoogle2" time="6.697" errors="0" timestamp="2021-02-13T15:16:40 EET" skipped="0">
  <testcase classname="test1.SearchGoogle2" name="searchGoogle" time="6.697"/>
  <system-out/>
</testsuite> <!-- test1.SearchGoogle2 -->
